<?xml version="1.0" encoding="UTF-8"?>
<!-- Generated by org.testng.reporters.JUnitReportReporter -->
<testsuite skipped="1" hostname="Rased" name="testcases.AddCustomerTest" tests="1" failures="0" timestamp="12 Jan 2020 05:46:27 GMT" time="0.000" errors="0">
  <testcase name="addCustomerTest" time="0.000" classname="testcases.AddCustomerTest">
    <skipped/>
  </testcase> <!-- addCustomerTest -->
</testsuite> <!-- testcases.AddCustomerTest -->
