<?xml version="1.0" encoding="UTF-8"?>
<!-- Generated by org.testng.reporters.JUnitReportReporter -->
<testsuite skipped="0" hostname="Rased" name="testcases.NextDoorHubLogin" tests="1" failures="0" timestamp="12 Jan 2020 17:21:37 GMT" time="13.493" errors="0">
  <testcase name="nextDoorHubLogin" time="13.493" classname="testcases.NextDoorHubLogin"/>
</testsuite> <!-- testcases.NextDoorHubLogin -->
