<?xml version="1.0" encoding="UTF-8"?>
<!-- Generated by org.testng.reporters.JUnitReportReporter -->
<testsuite skipped="1" hostname="Rased" name="rough.BankManagerLoginTest" tests="1" failures="0" timestamp="01 Oct 2017 14:15:47 GMT" time="0.000" errors="0">
  <testcase name="bankManagerLoginTest" time="0.000" classname="rough.BankManagerLoginTest">
    <skipped/>
  </testcase> <!-- bankManagerLoginTest -->
</testsuite> <!-- rough.BankManagerLoginTest -->
