<?xml version="1.0" encoding="UTF-8"?>
<!-- Generated by org.testng.reporters.JUnitReportReporter -->
<testsuite skipped="0" hostname="Rased" name="testcases.PageTitleMatch" tests="1" failures="0" timestamp="12 Jan 2020 06:33:02 GMT" time="56.642" errors="0">
  <testcase name="verifyTitle" time="56.642" classname="testcases.PageTitleMatch"/>
</testsuite> <!-- testcases.PageTitleMatch -->
